#! c:/iverilog/bin/vvp
:ivl_version "0.10.0 (devel)" "(s20130827)";
:ivl_delay_selection "TYPICAL";
:vpi_time_precision + 0;
:vpi_module "system";
:vpi_module "vhdl_sys";
:vpi_module "v2005_math";
:vpi_module "va_math";
S_01224DE8 .scope module, "OR" "OR" 2 9;
 .timescale 0 0;
    .port_info 0 /OUTPUT 1 "c"
    .port_info 1 /INPUT 1 "a"
    .port_info 2 /INPUT 1 "b"
o008C1874 .functor BUFZ 1, C4<z>; HiZ drive
o008C188C .functor BUFZ 1, C4<z>; HiZ drive
L_01229728 .functor OR 1, o008C1874, o008C188C, C4<0>, C4<0>;
v01223E40_0 .net "a", 0 0, o008C1874;  0 drivers
v01223E98_0 .net "b", 0 0, o008C188C;  0 drivers
v01223EF0_0 .net "c", 0 0, L_01229728;  1 drivers
S_01224EB8 .scope module, "OR_DFM1" "OR_DFM1" 2 14;
 .timescale 0 0;
    .port_info 0 /INPUT 1 "a"
    .port_info 1 /INPUT 1 "b"
    .port_info 2 /OUTPUT 1 "c"
o008C1904 .functor BUFZ 1, C4<z>; HiZ drive
o008C191C .functor BUFZ 1, C4<z>; HiZ drive
L_01229770 .functor OR 1, o008C1904, o008C191C, C4<0>, C4<0>;
v01223F48_0 .net "a", 0 0, o008C1904;  0 drivers
v01223FA0_0 .net "b", 0 0, o008C191C;  0 drivers
v01223628_0 .net "c", 0 0, L_01229770;  1 drivers
S_01224560 .scope module, "OR_DFM2" "OR_DFM2" 2 20;
 .timescale 0 0;
o008C1994 .functor BUFZ 1, C4<z>; HiZ drive
o008C19AC .functor BUFZ 1, C4<z>; HiZ drive
L_012297B8 .functor OR 1, o008C1994, o008C19AC, C4<0>, C4<0>;
v01223680_0 .net "a", 0 0, o008C1994;  0 drivers
v012236D8_0 .net "b", 0 0, o008C19AC;  0 drivers
v01223730_0 .net "c", 0 0, L_012297B8;  1 drivers
S_01224630 .scope module, "OR_GLM" "OR_GLM" 2 3;
 .timescale 0 0;
    .port_info 0 /INPUT 1 "a"
    .port_info 1 /INPUT 1 "b"
    .port_info 2 /OUTPUT 1 "c"
o008C19DC .functor BUFZ 1, C4<z>; HiZ drive
o008C19F4 .functor BUFZ 1, C4<z>; HiZ drive
L_01229800 .functor OR 1, o008C19DC, o008C19F4, C4<0>, C4<0>;
v01223788_0 .net "a", 0 0, o008C19DC;  0 drivers
v012296D0_0 .net "b", 0 0, o008C19F4;  0 drivers
v0122DE50_0 .net "c", 0 0, L_01229800;  1 drivers
# The file index is used to find the file name in the following table.
:file_names 3;
    "N/A";
    "<interactive>";
    "or.v";
