#! c:/iverilog/bin/vvp
:ivl_version "0.10.0 (devel)" "(s20130827)";
:ivl_delay_selection "TYPICAL";
:vpi_time_precision + 0;
:vpi_module "system";
:vpi_module "vhdl_sys";
:vpi_module "v2005_math";
:vpi_module "va_math";
S_01084DE0 .scope module, "XNOR" "XNOR" 2 9;
 .timescale 0 0;
    .port_info 0 /OUTPUT 1 "c"
    .port_info 1 /INPUT 1 "a"
    .port_info 2 /INPUT 1 "b"
o010B1874 .functor BUFZ 1, C4<z>; HiZ drive
o010B188C .functor BUFZ 1, C4<z>; HiZ drive
L_01089710 .functor XNOR 1, o010B1874, o010B188C, C4<0>, C4<0>;
v01083E48_0 .net "a", 0 0, o010B1874;  0 drivers
v01083EA0_0 .net "b", 0 0, o010B188C;  0 drivers
v01083EF8_0 .net "c", 0 0, L_01089710;  1 drivers
S_01084EB0 .scope module, "XNOR_DFM1" "XNOR_DFM1" 2 14;
 .timescale 0 0;
    .port_info 0 /INPUT 1 "a"
    .port_info 1 /INPUT 1 "b"
    .port_info 2 /OUTPUT 1 "c"
o010B1904 .functor BUFZ 1, C4<z>; HiZ drive
o010B191C .functor BUFZ 1, C4<z>; HiZ drive
L_01089758 .functor XNOR 1, o010B1904, o010B191C, C4<0>, C4<0>;
v01083F50_0 .net "a", 0 0, o010B1904;  0 drivers
v01083FA8_0 .net "b", 0 0, o010B191C;  0 drivers
v01083638_0 .net "c", 0 0, L_01089758;  1 drivers
S_01084590 .scope module, "XNOR_DFM2" "XNOR_DFM2" 2 20;
 .timescale 0 0;
o010B1994 .functor BUFZ 1, C4<z>; HiZ drive
o010B19AC .functor BUFZ 1, C4<z>; HiZ drive
L_010897A0 .functor XNOR 1, o010B1994, o010B19AC, C4<0>, C4<0>;
v01083690_0 .net "a", 0 0, o010B1994;  0 drivers
v010836E8_0 .net "b", 0 0, o010B19AC;  0 drivers
v01083740_0 .net "c", 0 0, L_010897A0;  1 drivers
S_01084660 .scope module, "XNOR_GLM" "XNOR_GLM" 2 3;
 .timescale 0 0;
    .port_info 0 /INPUT 1 "a"
    .port_info 1 /INPUT 1 "b"
    .port_info 2 /OUTPUT 1 "c"
o010B19DC .functor BUFZ 1, C4<z>; HiZ drive
o010B19F4 .functor BUFZ 1, C4<z>; HiZ drive
L_010897E8 .functor XNOR 1, o010B19DC, o010B19F4, C4<0>, C4<0>;
v01083798_0 .net "a", 0 0, o010B19DC;  0 drivers
v010896B8_0 .net "b", 0 0, o010B19F4;  0 drivers
v0108E468_0 .net "c", 0 0, L_010897E8;  1 drivers
# The file index is used to find the file name in the following table.
:file_names 3;
    "N/A";
    "<interactive>";
    "xnor.v";
