#! c:/iverilog/bin/vvp
:ivl_version "0.10.0 (devel)" "(s20130827)";
:ivl_delay_selection "TYPICAL";
:vpi_time_precision + 0;
:vpi_module "system";
:vpi_module "vhdl_sys";
:vpi_module "v2005_math";
:vpi_module "va_math";
S_00F83638 .scope module, "XOR" "XOR" 2 9;
 .timescale 0 0;
    .port_info 0 /OUTPUT 1 "c"
    .port_info 1 /INPUT 1 "a"
    .port_info 2 /INPUT 1 "b"
o00FB1874 .functor BUFZ 1, C4<z>; HiZ drive
o00FB188C .functor BUFZ 1, C4<z>; HiZ drive
L_00F89708 .functor XOR 1, o00FB1874, o00FB188C, C4<0>, C4<0>;
v00F84560_0 .net "a", 0 0, o00FB1874;  0 drivers
v00F845B8_0 .net "b", 0 0, o00FB188C;  0 drivers
v00F84610_0 .net "c", 0 0, L_00F89708;  1 drivers
S_00F83708 .scope module, "XOR_DFM1" "XOR_DFM1" 2 14;
 .timescale 0 0;
    .port_info 0 /INPUT 1 "a"
    .port_info 1 /INPUT 1 "b"
    .port_info 2 /OUTPUT 1 "c"
o00FB1904 .functor BUFZ 1, C4<z>; HiZ drive
o00FB191C .functor BUFZ 1, C4<z>; HiZ drive
L_00F89750 .functor XOR 1, o00FB1904, o00FB191C, C4<0>, C4<0>;
v00F84668_0 .net "a", 0 0, o00FB1904;  0 drivers
v00F846C0_0 .net "b", 0 0, o00FB191C;  0 drivers
v00F83E40_0 .net "c", 0 0, L_00F89750;  1 drivers
S_00F84DE8 .scope module, "XOR_DFM2" "XOR_DFM2" 2 20;
 .timescale 0 0;
o00FB1994 .functor BUFZ 1, C4<z>; HiZ drive
o00FB19AC .functor BUFZ 1, C4<z>; HiZ drive
L_00F89798 .functor XOR 1, o00FB1994, o00FB19AC, C4<0>, C4<0>;
v00F83E98_0 .net "a", 0 0, o00FB1994;  0 drivers
v00F83EF0_0 .net "b", 0 0, o00FB19AC;  0 drivers
v00F83F48_0 .net "c", 0 0, L_00F89798;  1 drivers
S_00F84EB8 .scope module, "XOR_GLM" "XOR_GLM" 2 3;
 .timescale 0 0;
    .port_info 0 /INPUT 1 "a"
    .port_info 1 /INPUT 1 "b"
    .port_info 2 /OUTPUT 1 "c"
o00FB19DC .functor BUFZ 1, C4<z>; HiZ drive
o00FB19F4 .functor BUFZ 1, C4<z>; HiZ drive
L_00F897E0 .functor XOR 1, o00FB19DC, o00FB19F4, C4<0>, C4<0>;
v00F83FA0_0 .net "a", 0 0, o00FB19DC;  0 drivers
v00F896B0_0 .net "b", 0 0, o00FB19F4;  0 drivers
v00F8E0F0_0 .net "c", 0 0, L_00F897E0;  1 drivers
# The file index is used to find the file name in the following table.
:file_names 3;
    "N/A";
    "<interactive>";
    "xor.v";
